---------------------------------------------------------------------------------------------------------------
      name:  <unnamed>
       log:  C:\Users\dray\Downloads\problemset3.log
  log type:  text
 opened on:   1 Nov 2018, 12:06:15

. /*Part I. [30pts]You are interested in estimating the effect of eligibility of 
> a scholarship on the probability someone attends college.  People who score 
> a 1200 and above on the SAT are eligible to receive a scholarship while those 
> below are not. 
> 
> 1. Write down an equation that uses a regression discontinuity design to 
> estimate your question and describe what each parameter measures.
> 
> Since scoring above 1200 isn't necessarily deterministic to receiving a scholarship, 
> but increases the likelihood of treatment, this is a fuzzy rd problem where the eligibility 
> of receiving a scholarship is used as an IV for treatment and we apply 2SLS. 
> 
> P(college) = B + BrdTi+ B11(xi - x0) + B12(xi - x0) x Dabove + BwWi + u
> Dabove is an instrument for treatment since it is highly correlated to treatment but is not
> deterministic of treatment. Brd is the difference in intercepts between the two regressions 
> and is the average treatment effect. 
> 
> Probability of college attendance is equal to an intercept plus the partial effect 
> of the dummy variable representing whether or not the observation is in the treatment group
> or not multiplied by the indicator variable for treatment plus the partial 
> effect of the running variable and the running variable, which is the 
> distance away from the threshhold of an observation plus the partial effect of the control
> variables times the value of the control variables plus the residual 
> between the estimated value of probability and the actual probability of college 
> attendance, u. 
> 
> 2. What assumptions are necessary to identify the causal effect of 
> scholarship eligibility on college attendance?
> Regression Discon. assumes treatment assignment is random at the threshold or no 
> selection bias is observed at the threshold because the observational variables
> cannot perfectly manipulate their treatment status. Another assumption is the 
> continutity of conditional regressions, or the expected value of the treatment 
> group and the untreated group given x are continuous in x so that any mean 
> difference around the cutoff point is due to treatment. Potential outcomes are continuous and 
> treatment status is smooth near the threshhold. Decision rule and cutoff are known.
> 
> 3. Describe how you might use this policy to estimate the effect of college 
> attendance on wages?
> There might be unobserved heterogeneity between those who receive scholarships and those
> who don't which may influence college attendance and wages through college attendance. 
> Therefore, the partial effect of scholarship eligibility could be an IV for 
> college attendance in another FRD looking at the effect of college attendance on wages since 
> scholarship eligibility is determined by a random cutoff amount even though college 
> attendance may not be determined randomly but may be endogenous in the model. 
> 
> We would find the local average treatment effect by using the discontinuity between 
> recipients of scholarships and nonrecipients of scholarships by conducting a 2SLS regression 
> of wages on college attendance using the partial effect of scholarship eligibility on college 
> attendance as an IV for college attendance since we assume it removes the confounding 
> explanatory variables impacting college attendance.
> 
> 
> Part II. [80pts] 
> 
> 1. Using the Corpus Christi data, estimate a linear probability model of 
> the probability of acceptance into JTPA at Corpus Christi conditional on 
> race/ethnicity, age and years of completed schooling. Report and discuss 
> the coefficient estimates. */
. use "C:\Users\dray\Downloads\corpus_christi.dta"

. regress accept black hisp othrace age edlt10 ed10_11 ed13_15 edgt15, robust

Linear regression                               Number of obs     =      1,133
                                                F(8, 1124)        =       0.92
                                                Prob > F          =     0.5016
                                                R-squared         =     0.0064
                                                Root MSE          =     .48313

------------------------------------------------------------------------------
             |               Robust
      accept |      Coef.   Std. Err.      t    P>|t|     [95% Conf. Interval]
-------------+----------------------------------------------------------------
       black |  -.0019301   .0538529    -0.04   0.971    -.1075935    .1037334
        hisp |   .0001504   .0336607     0.00   0.996    -.0658944    .0661952
     othrace |  -.0333805   .1398424    -0.24   0.811    -.3077621    .2410011
         age |   .0016083   .0018357     0.88   0.381    -.0019935      .00521
      edlt10 |  -.0848212   .0380728    -2.23   0.026     -.159523   -.0101195
     ed10_11 |   .0106391   .0396182     0.27   0.788    -.0670949    .0883731
     ed13_15 |  -.0446297   .0458374    -0.97   0.330    -.1345662    .0453068
      edgt15 |  -.0074414   .0968742    -0.08   0.939     -.197516    .1826333
       _cons |   .3444292   .0659576     5.22   0.000     .2150153    .4738431
------------------------------------------------------------------------------

. 
. /*2. Estimate the standard errors normally and 
> using the robust option. How big are the differences, if any? Which standard 
> errors are larger? */
. regress accept black hisp othrace age edlt10 ed10_11 ed13_15 edgt15

      Source |       SS           df       MS      Number of obs   =     1,133
-------------+----------------------------------   F(8, 1124)      =      0.91
       Model |  1.69071258         8  .211339072   Prob > F        =    0.5110
    Residual |  262.356949     1,124  .233413655   R-squared       =    0.0064
-------------+----------------------------------   Adj R-squared   =   -0.0007
       Total |  264.047661     1,132  .233257651   Root MSE        =    .48313

------------------------------------------------------------------------------
      accept |      Coef.   Std. Err.      t    P>|t|     [95% Conf. Interval]
-------------+----------------------------------------------------------------
       black |  -.0019301   .0533935    -0.04   0.971    -.1066922     .102832
        hisp |   .0001504   .0338035     0.00   0.996    -.0661746    .0664754
     othrace |  -.0333805   .1423412    -0.23   0.815    -.3126648    .2459038
         age |   .0016083   .0018373     0.88   0.382    -.0019967    .0052132
      edlt10 |  -.0848212   .0384474    -2.21   0.028     -.160258   -.0093844
     ed10_11 |   .0106391    .038965     0.27   0.785    -.0658132    .0870915
     ed13_15 |  -.0446297   .0457875    -0.97   0.330    -.1344683    .0452089
      edgt15 |  -.0074414   .0953194    -0.08   0.938    -.1944653    .1795825
       _cons |   .3444292   .0669678     5.14   0.000     .2130332    .4758252
------------------------------------------------------------------------------

. regress accept black hisp othrace age edlt10 ed10_11 ed13_15 edgt15, robust

Linear regression                               Number of obs     =      1,133
                                                F(8, 1124)        =       0.92
                                                Prob > F          =     0.5016
                                                R-squared         =     0.0064
                                                Root MSE          =     .48313

------------------------------------------------------------------------------
             |               Robust
      accept |      Coef.   Std. Err.      t    P>|t|     [95% Conf. Interval]
-------------+----------------------------------------------------------------
       black |  -.0019301   .0538529    -0.04   0.971    -.1075935    .1037334
        hisp |   .0001504   .0336607     0.00   0.996    -.0658944    .0661952
     othrace |  -.0333805   .1398424    -0.24   0.811    -.3077621    .2410011
         age |   .0016083   .0018357     0.88   0.381    -.0019935      .00521
      edlt10 |  -.0848212   .0380728    -2.23   0.026     -.159523   -.0101195
     ed10_11 |   .0106391   .0396182     0.27   0.788    -.0670949    .0883731
     ed13_15 |  -.0446297   .0458374    -0.97   0.330    -.1345662    .0453068
      edgt15 |  -.0074414   .0968742    -0.08   0.939     -.197516    .1826333
       _cons |   .3444292   .0659576     5.22   0.000     .2150153    .4738431
------------------------------------------------------------------------------

. 
. /*Robust Standard Errors are larger but the differences are not "big"*/
. 
. /*3. Using the estimated coefficients from the Question 1, generate predicted 
> participation probabilities. Do any of these probabilities lie outside [0, 1]?
> If so, do the observations corresponding to these values show any particular 
> patterns in the values of the variables? */
. 
. estimates store ols

. predict fitted 
(option xb assumed; fitted values)

. tab fitted if fitted<0 | fitted>1
no observations

. 
. /*No values lie outside of 0, 1 - Very few of those variables are significant - the only one 
> that is statistically significant is education under 10 years which decreases the 
> probability of acceptance into the program versus the base dummy, 12 years of 
> education exactly.*/
. 
. /*4. Estimate probit and logit models of acceptance into JTPA in Corpus Christi 
> conditional on race/ethnicity, age and years of completed schooling using 
> these data. Are the probit and logit coefficient estimates similar to one 
> another and to the LPM estimates? Should they be? Explain why or why not. */
. 
. probit accept black hisp othrace age edlt10 ed10_11 ed13_15 edgt15, robust

Iteration 0:   log pseudolikelihood = -746.48494  
Iteration 1:   log pseudolikelihood =  -742.8322  
Iteration 2:   log pseudolikelihood = -742.83165  
Iteration 3:   log pseudolikelihood = -742.83165  

Probit regression                               Number of obs     =      1,133
                                                Wald chi2(8)      =       7.15
                                                Prob > chi2       =     0.5203
Log pseudolikelihood = -742.83165               Pseudo R2         =     0.0049

------------------------------------------------------------------------------
             |               Robust
      accept |      Coef.   Std. Err.      z    P>|z|     [95% Conf. Interval]
-------------+----------------------------------------------------------------
       black |  -.0040971   .1411695    -0.03   0.977    -.2807843    .2725901
        hisp |   .0016341   .0892353     0.02   0.985    -.1732639    .1765321
     othrace |  -.0888411   .3835409    -0.23   0.817    -.8405673    .6628852
         age |   .0042177    .004853     0.87   0.385    -.0052941    .0137294
      edlt10 |  -.2280591    .103129    -2.21   0.027    -.4301883   -.0259299
     ed10_11 |   .0275456   .1022724     0.27   0.788    -.1729045    .2279958
     ed13_15 |  -.1175463    .121621    -0.97   0.334    -.3559191    .1208266
      edgt15 |  -.0188768   .2510669    -0.08   0.940     -.510959    .4732053
       _cons |  -.3999896   .1755522    -2.28   0.023    -.7440655   -.0559136
------------------------------------------------------------------------------

. estimates store probit

. logit accept black hisp othrace age edlt10 ed10_11 ed13_15 edgt15, robust

Iteration 0:   log pseudolikelihood = -746.48494  
Iteration 1:   log pseudolikelihood = -742.82318  
Iteration 2:   log pseudolikelihood = -742.81983  
Iteration 3:   log pseudolikelihood = -742.81983  

Logistic regression                             Number of obs     =      1,133
                                                Wald chi2(8)      =       7.08
                                                Prob > chi2       =     0.5281
Log pseudolikelihood = -742.81983               Pseudo R2         =     0.0049

------------------------------------------------------------------------------
             |               Robust
      accept |      Coef.   Std. Err.      z    P>|z|     [95% Conf. Interval]
-------------+----------------------------------------------------------------
       black |  -.0085804   .2283931    -0.04   0.970    -.4562226    .4390618
        hisp |   .0008769    .144295     0.01   0.995    -.2819361    .2836898
     othrace |  -.1469716   .6289616    -0.23   0.815    -1.379714    1.085771
         age |   .0069275   .0078485     0.88   0.377    -.0084554    .0223103
      edlt10 |  -.3722106   .1686914    -2.21   0.027    -.7028397   -.0415815
     ed10_11 |   .0442714   .1645934     0.27   0.788    -.2783258    .3668686
     ed13_15 |  -.1910444   .1974781    -0.97   0.333    -.5780943    .1960054
      edgt15 |  -.0319096   .4051828    -0.08   0.937    -.8260533    .7622341
       _cons |   -.644358   .2824205    -2.28   0.023    -1.197892   -.0908239
------------------------------------------------------------------------------

. estimates store logit

. 
. estimates table ols probit logit, stats(N ll r2_p r2_a) b(%7.3f) stfmt(%8.2f)

-----------------------------------------------
    Variable |   ols       probit     logit    
-------------+---------------------------------
_            |
       black |   -0.002                        
        hisp |    0.000                        
     othrace |   -0.033                        
         age |    0.002                        
      edlt10 |   -0.085                        
     ed10_11 |    0.011                        
     ed13_15 |   -0.045                        
      edgt15 |   -0.007                        
       _cons |    0.344                        
-------------+---------------------------------
accept       |
       black |              -0.004     -0.009  
        hisp |               0.002      0.001  
     othrace |              -0.089     -0.147  
         age |               0.004      0.007  
      edlt10 |              -0.228     -0.372  
     ed10_11 |               0.028      0.044  
     ed13_15 |              -0.118     -0.191  
      edgt15 |              -0.019     -0.032  
       _cons |              -0.400     -0.644  
-------------+---------------------------------
Statistics   |                                 
           N |     1133       1133       1133  
          ll |  -778.91    -742.83    -742.82  
        r2_p |                0.00       0.00  
        r2_a |    -0.00                        
-----------------------------------------------

. 
. /* I'd say the coefficients are not consistent across the three estimations but 
> the p-values are similar in that they all indicate that education under ten years
> is the only statistically significant predictor variable. If the coefficients 
> lack consistency than that means one or all of the estimation methods have an 
> endogeneity issue causing bias in the estimation like a missing variables bias or 
> measurement error.*/
. 
. /*5. Calculate the mean partial derivatives (a.k.a. marginal effects or average 
> partial effects) of the conditional probabilities of participation with 
> respect to age for the LPM, logit and probit models. Explain in words 
> what these derivatives mean. */
. 
. regress accept black hisp othrace age edlt10 ed10_11 ed13_15 edgt15, robust

Linear regression                               Number of obs     =      1,133
                                                F(8, 1124)        =       0.92
                                                Prob > F          =     0.5016
                                                R-squared         =     0.0064
                                                Root MSE          =     .48313

------------------------------------------------------------------------------
             |               Robust
      accept |      Coef.   Std. Err.      t    P>|t|     [95% Conf. Interval]
-------------+----------------------------------------------------------------
       black |  -.0019301   .0538529    -0.04   0.971    -.1075935    .1037334
        hisp |   .0001504   .0336607     0.00   0.996    -.0658944    .0661952
     othrace |  -.0333805   .1398424    -0.24   0.811    -.3077621    .2410011
         age |   .0016083   .0018357     0.88   0.381    -.0019935      .00521
      edlt10 |  -.0848212   .0380728    -2.23   0.026     -.159523   -.0101195
     ed10_11 |   .0106391   .0396182     0.27   0.788    -.0670949    .0883731
     ed13_15 |  -.0446297   .0458374    -0.97   0.330    -.1345662    .0453068
      edgt15 |  -.0074414   .0968742    -0.08   0.939     -.197516    .1826333
       _cons |   .3444292   .0659576     5.22   0.000     .2150153    .4738431
------------------------------------------------------------------------------

. margins, dydx(age)

Average marginal effects                        Number of obs     =      1,133
Model VCE    : Robust

Expression   : Linear prediction, predict()
dy/dx w.r.t. : age

------------------------------------------------------------------------------
             |            Delta-method
             |      dy/dx   Std. Err.      t    P>|t|     [95% Conf. Interval]
-------------+----------------------------------------------------------------
         age |   .0016083   .0018357     0.88   0.381    -.0019935      .00521
------------------------------------------------------------------------------

. probit accept black hisp othrace age edlt10 ed10_11 ed13_15 edgt15, robust

Iteration 0:   log pseudolikelihood = -746.48494  
Iteration 1:   log pseudolikelihood =  -742.8322  
Iteration 2:   log pseudolikelihood = -742.83165  
Iteration 3:   log pseudolikelihood = -742.83165  

Probit regression                               Number of obs     =      1,133
                                                Wald chi2(8)      =       7.15
                                                Prob > chi2       =     0.5203
Log pseudolikelihood = -742.83165               Pseudo R2         =     0.0049

------------------------------------------------------------------------------
             |               Robust
      accept |      Coef.   Std. Err.      z    P>|z|     [95% Conf. Interval]
-------------+----------------------------------------------------------------
       black |  -.0040971   .1411695    -0.03   0.977    -.2807843    .2725901
        hisp |   .0016341   .0892353     0.02   0.985    -.1732639    .1765321
     othrace |  -.0888411   .3835409    -0.23   0.817    -.8405673    .6628852
         age |   .0042177    .004853     0.87   0.385    -.0052941    .0137294
      edlt10 |  -.2280591    .103129    -2.21   0.027    -.4301883   -.0259299
     ed10_11 |   .0275456   .1022724     0.27   0.788    -.1729045    .2279958
     ed13_15 |  -.1175463    .121621    -0.97   0.334    -.3559191    .1208266
      edgt15 |  -.0188768   .2510669    -0.08   0.940     -.510959    .4732053
       _cons |  -.3999896   .1755522    -2.28   0.023    -.7440655   -.0559136
------------------------------------------------------------------------------

. margins, dydx(age)

Average marginal effects                        Number of obs     =      1,133
Model VCE    : Robust

Expression   : Pr(accept), predict()
dy/dx w.r.t. : age

------------------------------------------------------------------------------
             |            Delta-method
             |      dy/dx   Std. Err.      z    P>|z|     [95% Conf. Interval]
-------------+----------------------------------------------------------------
         age |   .0015839   .0018205     0.87   0.384    -.0019843     .005152
------------------------------------------------------------------------------

. logit accept black hisp othrace age edlt10 ed10_11 ed13_15 edgt15, robust

Iteration 0:   log pseudolikelihood = -746.48494  
Iteration 1:   log pseudolikelihood = -742.82318  
Iteration 2:   log pseudolikelihood = -742.81983  
Iteration 3:   log pseudolikelihood = -742.81983  

Logistic regression                             Number of obs     =      1,133
                                                Wald chi2(8)      =       7.08
                                                Prob > chi2       =     0.5281
Log pseudolikelihood = -742.81983               Pseudo R2         =     0.0049

------------------------------------------------------------------------------
             |               Robust
      accept |      Coef.   Std. Err.      z    P>|z|     [95% Conf. Interval]
-------------+----------------------------------------------------------------
       black |  -.0085804   .2283931    -0.04   0.970    -.4562226    .4390618
        hisp |   .0008769    .144295     0.01   0.995    -.2819361    .2836898
     othrace |  -.1469716   .6289616    -0.23   0.815    -1.379714    1.085771
         age |   .0069275   .0078485     0.88   0.377    -.0084554    .0223103
      edlt10 |  -.3722106   .1686914    -2.21   0.027    -.7028397   -.0415815
     ed10_11 |   .0442714   .1645934     0.27   0.788    -.2783258    .3668686
     ed13_15 |  -.1910444   .1974781    -0.97   0.333    -.5780943    .1960054
      edgt15 |  -.0319096   .4051828    -0.08   0.937    -.8260533    .7622341
       _cons |   -.644358   .2824205    -2.28   0.023    -1.197892   -.0908239
------------------------------------------------------------------------------

. margins, dydx(age)

Average marginal effects                        Number of obs     =      1,133
Model VCE    : Robust

Expression   : Pr(accept), predict()
dy/dx w.r.t. : age

------------------------------------------------------------------------------
             |            Delta-method
             |      dy/dx   Std. Err.      z    P>|z|     [95% Conf. Interval]
-------------+----------------------------------------------------------------
         age |   .0016041   .0018148     0.88   0.377    -.0019528     .005161
------------------------------------------------------------------------------

. 
. /*The AME is equal to the sum of all the marginal effects for a variable divided by 
> the number of possibilities yielding the average marginal effect across the entire 
> variable. Since probit and logit models are not linear, these values will be different
> than the coefficients in the probit and logit regressions. */
. 
end of do-file

. log close
      name:  <unnamed>
       log:  C:\Users\dray\Downloads\problemset3.log
  log type:  text
 closed on:   1 Nov 2018, 12:06:25
---------------------------------------------------------------------------------------------------------------
